{"/home/afonso/ap-tc-md4/fiap-tc-ms-produtos/src/application/usecases/CadastrarItemUseCase.ts": {"path":"/home/afonso/ap-tc-md4/fiap-tc-ms-produtos/src/application/usecases/CadastrarItemUseCase.ts","statementMap":{"0":{"start":{"line":1,"column":0},"end":{"line":1,"column":50}},"1":{"start":{"line":2,"column":0},"end":{"line":2,"column":56}},"2":{"start":{"line":7,"column":0},"end":{"line":7,"column":13}},"3":{"start":{"line":11,"column":8},"end":{"line":11,"column":39}},"4":{"start":{"line":13,"column":10},"end":{"line":18,"column":null}},"5":{"start":{"line":14,"column":14},"end":{"line":14,"column":43}},"6":{"start":{"line":15,"column":14},"end":{"line":15,"column":101}},"7":{"start":{"line":17,"column":8},"end":{"line":17,"column":45}},"8":{"start":{"line":20,"column":10},"end":{"line":22,"column":null}},"9":{"start":{"line":21,"column":8},"end":{"line":21,"column":43}},"10":{"start":{"line":24,"column":10},"end":{"line":26,"column":null}},"11":{"start":{"line":25,"column":8},"end":{"line":25,"column":47}},"12":{"start":{"line":27,"column":0},"end":{"line":27,"column":null}},"13":{"start":{"line":7,"column":13},"end":{"line":7,"column":33}}},"fnMap":{"0":{"name":"(anonymous_13)","decl":{"start":{"line":7,"column":0},"end":{"line":7,"column":13}},"loc":{"start":{"line":7,"column":0},"end":{"line":27,"column":null}}},"1":{"name":"CadastrarItemUseCase","decl":{"start":{"line":10,"column":4},"end":{"line":10,"column":17}},"loc":{"start":{"line":10,"column":42},"end":{"line":12,"column":5}}},"2":{"name":"(anonymous_15)","decl":{"start":{"line":13,"column":4},"end":{"line":13,"column":10}},"loc":{"start":{"line":13,"column":39},"end":{"line":18,"column":null}}},"3":{"name":"(anonymous_18)","decl":{"start":{"line":20,"column":4},"end":{"line":20,"column":10}},"loc":{"start":{"line":20,"column":24},"end":{"line":22,"column":null}}},"4":{"name":"(anonymous_21)","decl":{"start":{"line":24,"column":4},"end":{"line":24,"column":10}},"loc":{"start":{"line":24,"column":30},"end":{"line":26,"column":null}}}},"branchMap":{"0":{"loc":{"start":{"line":15,"column":30},"end":{"line":15,"column":39}},"type":"binary-expr","locations":[{"start":{"line":15,"column":30},"end":{"line":15,"column":36}},{"start":{"line":15,"column":38},"end":{"line":15,"column":39}}]}},"s":{"0":1,"1":1,"2":1,"3":5,"4":1,"5":2,"6":1,"7":0,"8":1,"9":1,"10":1,"11":2,"12":1,"13":1},"f":{"0":1,"1":5,"2":2,"3":1,"4":2},"b":{"0":[1,1]}}
,"/home/afonso/ap-tc-md4/fiap-tc-ms-produtos/src/domain/dtos/CadastrarItemDto.ts": {"path":"/home/afonso/ap-tc-md4/fiap-tc-ms-produtos/src/domain/dtos/CadastrarItemDto.ts","statementMap":{"0":{"start":{"line":1,"column":0},"end":{"line":1,"column":57}},"1":{"start":{"line":3,"column":0},"end":{"line":3,"column":13}},"2":{"start":{"line":5,"column":4},"end":{"line":5,"column":22}},"3":{"start":{"line":6,"column":4},"end":{"line":6,"column":27}},"4":{"start":{"line":7,"column":4},"end":{"line":7,"column":22}},"5":{"start":{"line":8,"column":4},"end":{"line":8,"column":30}},"6":{"start":{"line":9,"column":4},"end":{"line":9,"column":44}},"7":{"start":{"line":10,"column":2},"end":{"line":10,"column":null}},"8":{"start":{"line":3,"column":13},"end":{"line":3,"column":29}}},"fnMap":{"0":{"name":"(anonymous_0)","decl":{"start":{"line":3,"column":0},"end":{"line":3,"column":13}},"loc":{"start":{"line":3,"column":0},"end":{"line":10,"column":null}}}},"branchMap":{},"s":{"0":1,"1":1,"2":2,"3":2,"4":2,"5":2,"6":2,"7":1,"8":1},"f":{"0":3},"b":{}}
,"/home/afonso/ap-tc-md4/fiap-tc-ms-produtos/src/domain/entities/Item.ts": {"path":"/home/afonso/ap-tc-md4/fiap-tc-ms-produtos/src/domain/entities/Item.ts","statementMap":{"0":{"start":{"line":5,"column":0},"end":{"line":5,"column":13}},"1":{"start":{"line":14,"column":4},"end":{"line":14,"column":18}},"2":{"start":{"line":15,"column":4},"end":{"line":15,"column":22}},"3":{"start":{"line":16,"column":4},"end":{"line":18,"column":5}},"4":{"start":{"line":17,"column":6},"end":{"line":17,"column":54}},"5":{"start":{"line":19,"column":4},"end":{"line":19,"column":32}},"6":{"start":{"line":20,"column":4},"end":{"line":20,"column":24}},"7":{"start":{"line":21,"column":4},"end":{"line":21,"column":38}},"8":{"start":{"line":22,"column":4},"end":{"line":22,"column":32}},"9":{"start":{"line":25,"column":2},"end":{"line":27,"column":null}},"10":{"start":{"line":26,"column":4},"end":{"line":26,"column":20}},"11":{"start":{"line":29,"column":2},"end":{"line":31,"column":null}},"12":{"start":{"line":30,"column":4},"end":{"line":30,"column":22}},"13":{"start":{"line":33,"column":2},"end":{"line":35,"column":null}},"14":{"start":{"line":34,"column":4},"end":{"line":34,"column":27}},"15":{"start":{"line":37,"column":2},"end":{"line":39,"column":null}},"16":{"start":{"line":38,"column":4},"end":{"line":38,"column":23}},"17":{"start":{"line":42,"column":4},"end":{"line":42,"column":24}},"18":{"start":{"line":45,"column":2},"end":{"line":47,"column":null}},"19":{"start":{"line":46,"column":4},"end":{"line":46,"column":30}},"20":{"start":{"line":49,"column":2},"end":{"line":51,"column":null}},"21":{"start":{"line":50,"column":4},"end":{"line":50,"column":27}},"22":{"start":{"line":52,"column":0},"end":{"line":52,"column":null}},"23":{"start":{"line":5,"column":13},"end":{"line":5,"column":17}}},"fnMap":{"0":{"name":"(anonymous_0)","decl":{"start":{"line":5,"column":0},"end":{"line":5,"column":13}},"loc":{"start":{"line":5,"column":0},"end":{"line":52,"column":null}}},"1":{"name":"Item","decl":{"start":{"line":13,"column":2},"end":{"line":13,"column":14}},"loc":{"start":{"line":13,"column":110},"end":{"line":23,"column":3}}},"2":{"name":"(anonymous_2)","decl":{"start":{"line":25,"column":2},"end":{"line":25,"column":6}},"loc":{"start":{"line":25,"column":2},"end":{"line":27,"column":3}}},"3":{"name":"(anonymous_3)","decl":{"start":{"line":29,"column":2},"end":{"line":29,"column":6}},"loc":{"start":{"line":29,"column":2},"end":{"line":31,"column":3}}},"4":{"name":"(anonymous_4)","decl":{"start":{"line":33,"column":2},"end":{"line":33,"column":6}},"loc":{"start":{"line":33,"column":2},"end":{"line":35,"column":3}}},"5":{"name":"(anonymous_5)","decl":{"start":{"line":37,"column":2},"end":{"line":37,"column":6}},"loc":{"start":{"line":37,"column":2},"end":{"line":39,"column":3}}},"6":{"name":"(anonymous_6)","decl":{"start":{"line":41,"column":2},"end":{"line":41,"column":12}},"loc":{"start":{"line":41,"column":24},"end":{"line":43,"column":3}}},"7":{"name":"(anonymous_7)","decl":{"start":{"line":45,"column":2},"end":{"line":45,"column":6}},"loc":{"start":{"line":45,"column":2},"end":{"line":47,"column":3}}},"8":{"name":"(anonymous_8)","decl":{"start":{"line":49,"column":2},"end":{"line":49,"column":6}},"loc":{"start":{"line":49,"column":2},"end":{"line":51,"column":3}}}},"branchMap":{"0":{"loc":{"start":{"line":16,"column":4},"end":{"line":18,"column":5}},"type":"if","locations":[{"start":{"line":16,"column":4},"end":{"line":18,"column":5}}]}},"s":{"0":3,"1":8,"2":8,"3":8,"4":1,"5":7,"6":7,"7":7,"8":7,"9":3,"10":5,"11":3,"12":5,"13":3,"14":3,"15":3,"16":5,"17":1,"18":3,"19":3,"20":3,"21":3,"22":3,"23":3},"f":{"0":3,"1":8,"2":5,"3":5,"4":3,"5":5,"6":1,"7":3,"8":3},"b":{"0":[1]}}
,"/home/afonso/ap-tc-md4/fiap-tc-ms-produtos/src/infra/database/data-source.ts": {"path":"/home/afonso/ap-tc-md4/fiap-tc-ms-produtos/src/infra/database/data-source.ts","statementMap":{"0":{"start":{"line":1,"column":0},"end":{"line":1,"column":25}},"1":{"start":{"line":2,"column":0},"end":{"line":2,"column":36}},"2":{"start":{"line":3,"column":0},"end":{"line":3,"column":52}},"3":{"start":{"line":4,"column":0},"end":{"line":4,"column":28}},"4":{"start":{"line":6,"column":0},"end":{"line":6,"column":16}},"5":{"start":{"line":8,"column":0},"end":{"line":8,"column":47}},"6":{"start":{"line":9,"column":0},"end":{"line":9,"column":27}},"7":{"start":{"line":10,"column":0},"end":{"line":10,"column":55}},"8":{"start":{"line":11,"column":0},"end":{"line":11,"column":51}},"9":{"start":{"line":12,"column":0},"end":{"line":12,"column":55}},"10":{"start":{"line":14,"column":13},"end":{"line":29,"column":null}}},"fnMap":{},"branchMap":{},"s":{"0":1,"1":1,"2":1,"3":1,"4":1,"5":1,"6":1,"7":1,"8":1,"9":1,"10":1},"f":{},"b":{}}
,"/home/afonso/ap-tc-md4/fiap-tc-ms-produtos/src/infra/database/gateways/ItemGateway.ts": {"path":"/home/afonso/ap-tc-md4/fiap-tc-ms-produtos/src/infra/database/gateways/ItemGateway.ts","statementMap":{"0":{"start":{"line":4,"column":0},"end":{"line":4,"column":53}},"1":{"start":{"line":5,"column":0},"end":{"line":5,"column":47}},"2":{"start":{"line":6,"column":0},"end":{"line":6,"column":54}},"3":{"start":{"line":7,"column":0},"end":{"line":7,"column":59}},"4":{"start":{"line":10,"column":0},"end":{"line":10,"column":13}},"5":{"start":{"line":14,"column":8},"end":{"line":14,"column":67}},"6":{"start":{"line":17,"column":10},"end":{"line":31,"column":null}},"7":{"start":{"line":18,"column":12},"end":{"line":18,"column":39}},"8":{"start":{"line":20,"column":8},"end":{"line":20,"column":25}},"9":{"start":{"line":21,"column":8},"end":{"line":21,"column":29}},"10":{"start":{"line":22,"column":8},"end":{"line":22,"column":39}},"11":{"start":{"line":23,"column":8},"end":{"line":23,"column":37}},"12":{"start":{"line":24,"column":8},"end":{"line":24,"column":45}},"13":{"start":{"line":25,"column":8},"end":{"line":25,"column":39}},"14":{"start":{"line":26,"column":21},"end":{"line":26,"column":null}},"15":{"start":{"line":26,"column":14},"end":{"line":26,"column":null}},"16":{"start":{"line":27,"column":8},"end":{"line":27,"column":19}},"17":{"start":{"line":29,"column":8},"end":{"line":29,"column":107}},"18":{"start":{"line":30,"column":8},"end":{"line":30,"column":20}},"19":{"start":{"line":33,"column":10},"end":{"line":41,"column":null}},"20":{"start":{"line":34,"column":21},"end":{"line":34,"column":null}},"21":{"start":{"line":34,"column":14},"end":{"line":34,"column":null}},"22":{"start":{"line":36,"column":8},"end":{"line":38,"column":9}},"23":{"start":{"line":37,"column":12},"end":{"line":37,"column":47}},"24":{"start":{"line":39,"column":8},"end":{"line":39,"column":118}},"25":{"start":{"line":40,"column":8},"end":{"line":40,"column":20}},"26":{"start":{"line":43,"column":10},"end":{"line":57,"column":null}},"27":{"start":{"line":44,"column":21},"end":{"line":44,"column":null}},"28":{"start":{"line":44,"column":14},"end":{"line":44,"column":null}},"29":{"start":{"line":45,"column":8},"end":{"line":56,"column":9}},"30":{"start":{"line":46,"column":12},"end":{"line":52,"column":13}},"31":{"start":{"line":47,"column":16},"end":{"line":47,"column":42}},"32":{"start":{"line":48,"column":16},"end":{"line":48,"column":28}},"33":{"start":{"line":51,"column":16},"end":{"line":51,"column":29}},"34":{"start":{"line":55,"column":12},"end":{"line":55,"column":55}},"35":{"start":{"line":59,"column":10},"end":{"line":67,"column":null}},"36":{"start":{"line":60,"column":22},"end":{"line":60,"column":null}},"37":{"start":{"line":60,"column":14},"end":{"line":60,"column":null}},"38":{"start":{"line":61,"column":14},"end":{"line":61,"column":35}},"39":{"start":{"line":62,"column":8},"end":{"line":64,"column":11}},"40":{"start":{"line":63,"column":12},"end":{"line":63,"column":142}},"41":{"start":{"line":66,"column":8},"end":{"line":66,"column":23}},"42":{"start":{"line":68,"column":0},"end":{"line":68,"column":null}},"43":{"start":{"line":10,"column":13},"end":{"line":10,"column":24}}},"fnMap":{"0":{"name":"(anonymous_13)","decl":{"start":{"line":10,"column":0},"end":{"line":10,"column":13}},"loc":{"start":{"line":10,"column":0},"end":{"line":68,"column":null}}},"1":{"name":"ItemGateway","decl":{"start":{"line":13,"column":4},"end":{"line":13,"column":null}},"loc":{"start":{"line":13,"column":4},"end":{"line":15,"column":5}}},"2":{"name":"(anonymous_15)","decl":{"start":{"line":17,"column":4},"end":{"line":17,"column":10}},"loc":{"start":{"line":17,"column":27},"end":{"line":31,"column":null}}},"3":{"name":"(anonymous_18)","decl":{"start":{"line":33,"column":4},"end":{"line":33,"column":10}},"loc":{"start":{"line":33,"column":27},"end":{"line":41,"column":null}}},"4":{"name":"(anonymous_21)","decl":{"start":{"line":43,"column":4},"end":{"line":43,"column":10}},"loc":{"start":{"line":43,"column":28},"end":{"line":57,"column":null}}},"5":{"name":"(anonymous_24)","decl":{"start":{"line":59,"column":4},"end":{"line":59,"column":10}},"loc":{"start":{"line":59,"column":48},"end":{"line":67,"column":null}}},"6":{"name":"(anonymous_27)","decl":{"start":{"line":62,"column":22},"end":{"line":62,"column":29}},"loc":{"start":{"line":62,"column":29},"end":{"line":64,"column":9}}}},"branchMap":{"0":{"loc":{"start":{"line":34,"column":21},"end":{"line":34,"column":null}},"type":"switch","locations":[{"start":{"line":34,"column":21},"end":{"line":34,"column":null}}]},"1":{"loc":{"start":{"line":36,"column":8},"end":{"line":38,"column":9}},"type":"if","locations":[{"start":{"line":36,"column":8},"end":{"line":38,"column":9}}]},"2":{"loc":{"start":{"line":44,"column":21},"end":{"line":44,"column":null}},"type":"switch","locations":[{"start":{"line":44,"column":21},"end":{"line":44,"column":null}}]},"3":{"loc":{"start":{"line":45,"column":8},"end":{"line":56,"column":9}},"type":"if","locations":[{"start":{"line":45,"column":8},"end":{"line":56,"column":9}},{"start":{"line":54,"column":13},"end":{"line":56,"column":9}}]},"4":{"loc":{"start":{"line":60,"column":22},"end":{"line":60,"column":null}},"type":"switch","locations":[{"start":{"line":60,"column":22},"end":{"line":60,"column":null}}]}},"s":{"0":2,"1":2,"2":2,"3":2,"4":2,"5":7,"6":2,"7":2,"8":2,"9":2,"10":2,"11":2,"12":2,"13":2,"14":2,"15":2,"16":2,"17":2,"18":2,"19":2,"20":2,"21":2,"22":2,"23":1,"24":1,"25":1,"26":2,"27":2,"28":2,"29":2,"30":1,"31":1,"32":1,"33":0,"34":1,"35":2,"36":1,"37":1,"38":1,"39":1,"40":2,"41":1,"42":2,"43":2},"f":{"0":2,"1":7,"2":2,"3":2,"4":2,"5":1,"6":2},"b":{"0":[2],"1":[1],"2":[2],"3":[1,1],"4":[1]}}
,"/home/afonso/ap-tc-md4/fiap-tc-ms-produtos/src/infra/database/repositories/Item.ts": {"path":"/home/afonso/ap-tc-md4/fiap-tc-ms-produtos/src/infra/database/repositories/Item.ts","statementMap":{"0":{"start":{"line":1,"column":0},"end":{"line":1,"column":65}},"1":{"start":{"line":2,"column":0},"end":{"line":2,"column":60}},"2":{"start":{"line":5,"column":0},"end":{"line":5,"column":13}},"3":{"start":{"line":7,"column":4},"end":{"line":7,"column":null}},"4":{"start":{"line":10,"column":4},"end":{"line":10,"column":null}},"5":{"start":{"line":13,"column":4},"end":{"line":13,"column":null}},"6":{"start":{"line":16,"column":4},"end":{"line":16,"column":null}},"7":{"start":{"line":19,"column":4},"end":{"line":19,"column":null}},"8":{"start":{"line":25,"column":4},"end":{"line":25,"column":null}},"9":{"start":{"line":5,"column":13},"end":{"line":26,"column":null}},"10":{"start":{"line":26,"column":0},"end":{"line":26,"column":null}},"11":{"start":{"line":5,"column":13},"end":{"line":5,"column":27}}},"fnMap":{"0":{"name":"(anonymous_2)","decl":{"start":{"line":5,"column":0},"end":{"line":5,"column":13}},"loc":{"start":{"line":5,"column":0},"end":{"line":5,"column":13}}}},"branchMap":{},"s":{"0":2,"1":2,"2":2,"3":2,"4":2,"5":2,"6":2,"7":2,"8":2,"9":2,"10":2,"11":2},"f":{"0":4},"b":{}}
,"/home/afonso/ap-tc-md4/fiap-tc-ms-produtos/src/shared/emuns/Categoria.ts": {"path":"/home/afonso/ap-tc-md4/fiap-tc-ms-produtos/src/shared/emuns/Categoria.ts","statementMap":{"0":{"start":{"line":1,"column":0},"end":{"line":1,"column":null}},"1":{"start":{"line":2,"column":4},"end":{"line":2,"column":null}},"2":{"start":{"line":3,"column":4},"end":{"line":3,"column":null}},"3":{"start":{"line":4,"column":4},"end":{"line":4,"column":null}},"4":{"start":{"line":5,"column":4},"end":{"line":5,"column":null}}},"fnMap":{"0":{"name":"(anonymous_0)","decl":{"start":{"line":1,"column":0},"end":{"line":1,"column":12}},"loc":{"start":{"line":1,"column":21},"end":{"line":6,"column":1}}}},"branchMap":{"0":{"loc":{"start":{"line":1,"column":12},"end":{"line":1,"column":null}},"type":"binary-expr","locations":[{"start":{"line":1,"column":12},"end":{"line":1,"column":21}},{"start":{"line":1,"column":21},"end":{"line":1,"column":null}}]}},"s":{"0":3,"1":3,"2":3,"3":3,"4":3},"f":{"0":3},"b":{"0":[3,3]}}
,"/home/afonso/ap-tc-md4/fiap-tc-ms-produtos/src/shared/valueobjects/Preco.ts": {"path":"/home/afonso/ap-tc-md4/fiap-tc-ms-produtos/src/shared/valueobjects/Preco.ts","statementMap":{"0":{"start":{"line":1,"column":0},"end":{"line":1,"column":13}},"1":{"start":{"line":5,"column":6},"end":{"line":7,"column":7}},"2":{"start":{"line":6,"column":8},"end":{"line":6,"column":65}},"3":{"start":{"line":8,"column":6},"end":{"line":8,"column":26}},"4":{"start":{"line":11,"column":4},"end":{"line":13,"column":null}},"5":{"start":{"line":12,"column":6},"end":{"line":12,"column":25}},"6":{"start":{"line":15,"column":4},"end":{"line":17,"column":null}},"7":{"start":{"line":16,"column":6},"end":{"line":16,"column":58}},"8":{"start":{"line":19,"column":4},"end":{"line":26,"column":null}},"9":{"start":{"line":20,"column":6},"end":{"line":24,"column":7}},"10":{"start":{"line":21,"column":8},"end":{"line":23,"column":10}},"11":{"start":{"line":25,"column":6},"end":{"line":25,"column":58}},"12":{"start":{"line":28,"column":4},"end":{"line":30,"column":null}},"13":{"start":{"line":29,"column":6},"end":{"line":29,"column":44}},"14":{"start":{"line":31,"column":2},"end":{"line":31,"column":null}},"15":{"start":{"line":1,"column":13},"end":{"line":1,"column":18}}},"fnMap":{"0":{"name":"(anonymous_0)","decl":{"start":{"line":1,"column":0},"end":{"line":1,"column":13}},"loc":{"start":{"line":1,"column":0},"end":{"line":31,"column":null}}},"1":{"name":"Preco","decl":{"start":{"line":4,"column":4},"end":{"line":4,"column":16}},"loc":{"start":{"line":4,"column":29},"end":{"line":9,"column":5}}},"2":{"name":"(anonymous_2)","decl":{"start":{"line":11,"column":4},"end":{"line":11,"column":8}},"loc":{"start":{"line":11,"column":4},"end":{"line":13,"column":5}}},"3":{"name":"(anonymous_3)","decl":{"start":{"line":15,"column":4},"end":{"line":15,"column":9}},"loc":{"start":{"line":15,"column":30},"end":{"line":17,"column":5}}},"4":{"name":"(anonymous_4)","decl":{"start":{"line":19,"column":4},"end":{"line":19,"column":12}},"loc":{"start":{"line":19,"column":33},"end":{"line":26,"column":5}}},"5":{"name":"(anonymous_5)","decl":{"start":{"line":28,"column":4},"end":{"line":28,"column":12}},"loc":{"start":{"line":28,"column":4},"end":{"line":30,"column":5}}}},"branchMap":{"0":{"loc":{"start":{"line":5,"column":6},"end":{"line":7,"column":7}},"type":"if","locations":[{"start":{"line":5,"column":6},"end":{"line":7,"column":7}}]},"1":{"loc":{"start":{"line":20,"column":6},"end":{"line":24,"column":7}},"type":"if","locations":[{"start":{"line":20,"column":6},"end":{"line":24,"column":7}}]}},"s":{"0":4,"1":23,"2":2,"3":21,"4":4,"5":12,"6":4,"7":1,"8":4,"9":2,"10":1,"11":1,"12":4,"13":3,"14":4,"15":4},"f":{"0":4,"1":23,"2":12,"3":1,"4":2,"5":3},"b":{"0":[2],"1":[1]}}
}
