TN:
SF:src/application/usecases/CadastrarItemUseCase.ts
FN:7,(anonymous_13)
FN:10,CadastrarItemUseCase
FN:13,(anonymous_15)
FN:20,(anonymous_18)
FN:24,(anonymous_21)
FNF:5
FNH:5
FNDA:1,(anonymous_13)
FNDA:5,CadastrarItemUseCase
FNDA:2,(anonymous_15)
FNDA:1,(anonymous_18)
FNDA:2,(anonymous_21)
DA:1,1
DA:2,1
DA:7,1
DA:11,5
DA:13,1
DA:14,2
DA:15,1
DA:17,0
DA:20,1
DA:21,1
DA:24,1
DA:25,2
DA:27,1
LF:13
LH:12
BRDA:15,0,0,1
BRDA:15,0,1,1
BRF:2
BRH:2
end_of_record
TN:
SF:src/domain/dtos/CadastrarItemDto.ts
FN:3,(anonymous_0)
FNF:1
FNH:1
FNDA:3,(anonymous_0)
DA:1,1
DA:3,1
DA:5,2
DA:6,2
DA:7,2
DA:8,2
DA:9,2
DA:10,1
LF:8
LH:8
BRF:0
BRH:0
end_of_record
TN:
SF:src/domain/entities/Item.ts
FN:5,(anonymous_0)
FN:13,Item
FN:25,(anonymous_2)
FN:29,(anonymous_3)
FN:33,(anonymous_4)
FN:37,(anonymous_5)
FN:41,(anonymous_6)
FN:45,(anonymous_7)
FN:49,(anonymous_8)
FNF:9
FNH:9
FNDA:3,(anonymous_0)
FNDA:8,Item
FNDA:5,(anonymous_2)
FNDA:5,(anonymous_3)
FNDA:3,(anonymous_4)
FNDA:5,(anonymous_5)
FNDA:1,(anonymous_6)
FNDA:3,(anonymous_7)
FNDA:3,(anonymous_8)
DA:5,3
DA:14,8
DA:15,8
DA:16,8
DA:17,1
DA:19,7
DA:20,7
DA:21,7
DA:22,7
DA:25,3
DA:26,5
DA:29,3
DA:30,5
DA:33,3
DA:34,3
DA:37,3
DA:38,5
DA:42,1
DA:45,3
DA:46,3
DA:49,3
DA:50,3
DA:52,3
LF:23
LH:23
BRDA:16,0,0,1
BRF:1
BRH:1
end_of_record
TN:
SF:src/infra/database/data-source.ts
FNF:0
FNH:0
DA:1,1
DA:2,1
DA:3,1
DA:4,1
DA:6,1
DA:8,1
DA:9,1
DA:10,1
DA:11,1
DA:12,1
DA:14,1
LF:11
LH:11
BRF:0
BRH:0
end_of_record
TN:
SF:src/infra/database/gateways/ItemGateway.ts
FN:10,(anonymous_13)
FN:13,ItemGateway
FN:17,(anonymous_15)
FN:33,(anonymous_18)
FN:43,(anonymous_21)
FN:59,(anonymous_24)
FN:62,(anonymous_27)
FNF:7
FNH:7
FNDA:2,(anonymous_13)
FNDA:7,ItemGateway
FNDA:2,(anonymous_15)
FNDA:2,(anonymous_18)
FNDA:2,(anonymous_21)
FNDA:1,(anonymous_24)
FNDA:2,(anonymous_27)
DA:4,2
DA:5,2
DA:6,2
DA:7,2
DA:10,2
DA:14,7
DA:17,2
DA:18,2
DA:20,2
DA:21,2
DA:22,2
DA:23,2
DA:24,2
DA:25,2
DA:26,2
DA:27,2
DA:29,2
DA:30,2
DA:33,2
DA:34,2
DA:36,2
DA:37,1
DA:39,1
DA:40,1
DA:43,2
DA:44,2
DA:45,2
DA:46,1
DA:47,1
DA:48,1
DA:51,0
DA:55,1
DA:59,2
DA:60,1
DA:61,1
DA:62,1
DA:63,2
DA:66,1
DA:68,2
LF:39
LH:38
BRDA:34,0,0,2
BRDA:36,1,0,1
BRDA:44,2,0,2
BRDA:45,3,0,1
BRDA:45,3,1,1
BRDA:60,4,0,1
BRF:6
BRH:6
end_of_record
TN:
SF:src/infra/database/repositories/Item.ts
FN:5,(anonymous_2)
FNF:1
FNH:1
FNDA:4,(anonymous_2)
DA:1,2
DA:2,2
DA:5,2
DA:7,2
DA:10,2
DA:13,2
DA:16,2
DA:19,2
DA:25,2
DA:26,2
LF:10
LH:10
BRF:0
BRH:0
end_of_record
TN:
SF:src/shared/emuns/Categoria.ts
FN:1,(anonymous_0)
FNF:1
FNH:1
FNDA:3,(anonymous_0)
DA:1,3
DA:2,3
DA:3,3
DA:4,3
DA:5,3
LF:5
LH:5
BRDA:1,0,0,3
BRDA:1,0,1,3
BRF:2
BRH:2
end_of_record
TN:
SF:src/shared/valueobjects/Preco.ts
FN:1,(anonymous_0)
FN:4,Preco
FN:11,(anonymous_2)
FN:15,(anonymous_3)
FN:19,(anonymous_4)
FN:28,(anonymous_5)
FNF:6
FNH:6
FNDA:4,(anonymous_0)
FNDA:23,Preco
FNDA:12,(anonymous_2)
FNDA:1,(anonymous_3)
FNDA:2,(anonymous_4)
FNDA:3,(anonymous_5)
DA:1,4
DA:5,23
DA:6,2
DA:8,21
DA:11,4
DA:12,12
DA:15,4
DA:16,1
DA:19,4
DA:20,2
DA:21,1
DA:25,1
DA:28,4
DA:29,3
DA:31,4
LF:15
LH:15
BRDA:5,0,0,2
BRDA:20,1,0,1
BRF:2
BRH:2
end_of_record
