TN:
SF:src/application/usecases/CadastrarItemUseCase.ts
FN:7,(anonymous_13)
FN:10,CadastrarItemUseCase
FN:13,(anonymous_15)
FN:20,(anonymous_18)
FN:24,(anonymous_21)
FNF:5
FNH:5
FNDA:2,(anonymous_13)
FNDA:13,CadastrarItemUseCase
FNDA:5,(anonymous_15)
FNDA:1,(anonymous_18)
FNDA:4,(anonymous_21)
DA:1,2
DA:2,2
DA:7,2
DA:11,13
DA:13,2
DA:14,5
DA:15,3
DA:17,2
DA:20,2
DA:21,1
DA:24,2
DA:25,4
DA:27,2
LF:13
LH:13
BRDA:15,0,0,3
BRDA:15,0,1,2
BRF:2
BRH:2
end_of_record
TN:
SF:src/application/usecases/ListarItensUseCase.ts
FN:5,(anonymous_13)
FN:8,ListarItensUseCase
FN:12,(anonymous_15)
FNF:3
FNH:3
FNDA:2,(anonymous_13)
FNDA:11,ListarItensUseCase
FNDA:5,(anonymous_15)
DA:1,2
DA:5,2
DA:9,11
DA:12,2
DA:13,5
DA:14,5
DA:15,3
DA:16,3
DA:19,2
DA:22,2
LF:10
LH:10
BRDA:14,0,0,3
BRDA:14,0,1,2
BRF:2
BRH:2
end_of_record
TN:
SF:src/domain/dtos/CadastrarItemDto.ts
FN:3,(anonymous_0)
FNF:1
FNH:1
FNDA:3,(anonymous_0)
DA:1,1
DA:3,1
DA:5,2
DA:6,2
DA:7,2
DA:8,2
DA:9,2
DA:10,1
LF:8
LH:8
BRF:0
BRH:0
end_of_record
TN:
SF:src/domain/entities/Item.ts
FN:5,(anonymous_0)
FN:13,Item
FN:25,(anonymous_2)
FN:29,(anonymous_3)
FN:33,(anonymous_4)
FN:37,(anonymous_5)
FN:41,(anonymous_6)
FN:45,(anonymous_7)
FN:49,(anonymous_8)
FNF:9
FNH:9
FNDA:6,(anonymous_0)
FNDA:10,Item
FNDA:5,(anonymous_2)
FNDA:5,(anonymous_3)
FNDA:3,(anonymous_4)
FNDA:5,(anonymous_5)
FNDA:1,(anonymous_6)
FNDA:3,(anonymous_7)
FNDA:3,(anonymous_8)
DA:5,6
DA:14,10
DA:15,10
DA:16,10
DA:17,1
DA:19,9
DA:20,9
DA:21,9
DA:22,9
DA:25,6
DA:26,5
DA:29,6
DA:30,5
DA:33,6
DA:34,3
DA:37,6
DA:38,5
DA:42,1
DA:45,6
DA:46,3
DA:49,6
DA:50,3
DA:52,6
LF:23
LH:23
BRDA:16,0,0,1
BRF:1
BRH:1
end_of_record
TN:
SF:src/infra/database/data-source.ts
FNF:0
FNH:0
DA:1,3
DA:2,3
DA:3,3
DA:4,3
DA:6,3
DA:8,3
DA:9,3
DA:10,3
DA:11,3
DA:12,3
DA:14,3
LF:11
LH:11
BRF:0
BRH:0
end_of_record
TN:
SF:src/infra/database/gateways/ItemGateway.ts
FN:10,(anonymous_13)
FN:13,ItemGateway
FN:17,(anonymous_15)
FN:33,(anonymous_18)
FN:43,(anonymous_21)
FN:59,(anonymous_24)
FN:62,(anonymous_27)
FNF:7
FNH:7
FNDA:4,(anonymous_13)
FNDA:7,ItemGateway
FNDA:2,(anonymous_15)
FNDA:2,(anonymous_18)
FNDA:2,(anonymous_21)
FNDA:1,(anonymous_24)
FNDA:2,(anonymous_27)
DA:4,4
DA:5,4
DA:6,4
DA:7,4
DA:10,4
DA:14,7
DA:17,4
DA:18,2
DA:20,2
DA:21,2
DA:22,2
DA:23,2
DA:24,2
DA:25,2
DA:26,2
DA:27,2
DA:29,2
DA:30,2
DA:33,4
DA:34,2
DA:36,2
DA:37,1
DA:39,1
DA:40,1
DA:43,4
DA:44,2
DA:45,2
DA:46,1
DA:47,1
DA:48,1
DA:51,0
DA:55,1
DA:59,4
DA:60,1
DA:61,1
DA:62,1
DA:63,2
DA:66,1
DA:68,4
LF:39
LH:38
BRDA:34,0,0,2
BRDA:36,1,0,1
BRDA:44,2,0,2
BRDA:45,3,0,1
BRDA:45,3,1,1
BRDA:60,4,0,1
BRF:6
BRH:6
end_of_record
TN:
SF:src/infra/database/repositories/Item.ts
FN:5,(anonymous_2)
FNF:1
FNH:1
FNDA:6,(anonymous_2)
DA:1,4
DA:2,4
DA:5,4
DA:7,4
DA:10,4
DA:13,4
DA:16,4
DA:19,4
DA:25,4
DA:26,4
LF:10
LH:10
BRF:0
BRH:0
end_of_record
TN:
SF:src/infra/http/controllers/ItemController.ts
FN:35,(anonymous_17)
FN:39,ItemController
FN:47,(anonymous_19)
FN:71,(anonymous_22)
FN:99,(anonymous_25)
FN:109,(anonymous_28)
FN:114,(anonymous_31)
FNF:7
FNH:7
FNDA:1,(anonymous_17)
FNDA:8,ItemController
FNDA:2,(anonymous_19)
FNDA:1,(anonymous_22)
FNDA:2,(anonymous_25)
FNDA:2,(anonymous_28)
FNDA:2,(anonymous_31)
DA:1,1
DA:2,1
DA:4,1
DA:5,1
DA:6,1
DA:35,1
DA:40,8
DA:41,8
DA:47,2
DA:48,2
DA:56,2
DA:58,1
DA:71,2
DA:72,1
DA:81,1
DA:83,1
DA:99,2
DA:100,2
DA:101,1
DA:109,2
DA:110,2
DA:111,1
DA:113,1
DA:114,1
DA:115,2
DA:125,1
DA:127,1
LF:27
LH:27
BRDA:100,0,0,2
BRDA:110,1,0,2
BRDA:113,2,0,1
BRDA:113,3,0,1
BRDA:113,3,1,1
BRF:5
BRH:5
end_of_record
TN:
SF:src/shared/emuns/Categoria.ts
FN:1,(anonymous_0)
FNF:1
FNH:1
FNDA:7,(anonymous_0)
DA:1,7
DA:2,7
DA:3,7
DA:4,7
DA:5,7
LF:5
LH:5
BRDA:1,0,0,7
BRDA:1,0,1,7
BRF:2
BRH:2
end_of_record
TN:
SF:src/shared/valueobjects/Preco.ts
FN:1,(anonymous_0)
FN:4,Preco
FN:11,(anonymous_2)
FN:15,(anonymous_3)
FN:19,(anonymous_4)
FN:28,(anonymous_5)
FNF:6
FNH:6
FNDA:8,(anonymous_0)
FNDA:32,Preco
FNDA:16,(anonymous_2)
FNDA:1,(anonymous_3)
FNDA:2,(anonymous_4)
FNDA:3,(anonymous_5)
DA:1,8
DA:5,32
DA:6,3
DA:8,29
DA:11,8
DA:12,16
DA:15,8
DA:16,1
DA:19,8
DA:20,2
DA:21,1
DA:25,1
DA:28,8
DA:29,3
DA:31,8
LF:15
LH:15
BRDA:5,0,0,3
BRDA:20,1,0,1
BRF:2
BRH:2
end_of_record
